# JRE version: OpenJDK Runtime Environment (21.0.2+13) (build 21.0.2+13-58)
# Java VM: OpenJDK 64-Bit Server VM (21.0.2+13-58, mixed mode, sharing, tiered, compressed oops, compressed class ptrs, g1 gc, windows-amd64)
GC Precious Log:
 CardTable entry size: 512
 Card Set container configuration: InlinePtr #cards 4 size 8 Array Of Cards #cards 16 size 48 Howl #buckets 8 coarsen threshold 3686 Howl Bitmap #cards 512 size 80 coarsen threshold 460 Card regions per heap region 1 cards per card region 4096
 CPUs: 8 total, 8 available
 Memory: 16172M
 Large Page Support: Disabled
 NUMA Support: Disabled
 Compressed Oops: Enabled (Zero based)
 Heap Region Size: 2M
 Heap Min Capacity: 8M
 Heap Initial Capacity: 254M
 Heap Max Capacity: 4044M
 Pre-touch: Disabled
 Parallel Workers: 8
 Concurrent Workers: 2
 Concurrent Refinement Workers: 8
 Periodic GC: Disabled
Heap:
 garbage-first heap   total 106496K, used 60977K [0x0000000703400000, 0x0000000800000000)
  region size 2048K, 19 young (38912K), 2 survivors (4096K)
 Metaspace       used 33828K, committed 34368K, reserved 1114112K
  class space    used 3849K, committed 4096K, reserved 1048576K
GC Heap History (16 events):
Event: 6.914 GC heap before
{Heap before GC invocations=0 (full 0):
 garbage-first heap   total 260096K, used 22528K [0x0000000703400000, 0x0000000800000000)
  region size 2048K, 11 young (22528K), 0 survivors (0K)
 Metaspace       used 5651K, committed 5824K, reserved 1114112K
  class space    used 660K, committed 768K, reserved 1048576K
}
Event: 6.921 GC heap after
{Heap after GC invocations=1 (full 0):
 garbage-first heap   total 260096K, used 3942K [0x0000000703400000, 0x0000000800000000)
  region size 2048K, 2 young (4096K), 2 survivors (4096K)
 Metaspace       used 5651K, committed 5824K, reserved 1114112K
  class space    used 660K, committed 768K, reserved 1048576K
}
Event: 8.059 GC heap before
{Heap before GC invocations=1 (full 0):
 garbage-first heap   total 260096K, used 36710K [0x0000000703400000, 0x0000000800000000)
  region size 2048K, 18 young (36864K), 2 survivors (4096K)
 Metaspace       used 10317K, committed 10496K, reserved 1114112K
  class space    used 1234K, committed 1344K, reserved 1048576K
}
Event: 8.066 GC heap after
{Heap after GC invocations=2 (full 0):
 garbage-first heap   total 260096K, used 5696K [0x0000000703400000, 0x0000000800000000)
  region size 2048K, 2 young (4096K), 2 survivors (4096K)
 Metaspace       used 10317K, committed 10496K, reserved 1114112K
  class space    used 1234K, committed 1344K, reserved 1048576K
}
Event: 16.226 GC heap before
{Heap before GC invocations=2 (full 0):
 garbage-first heap   total 260096K, used 157248K [0x0000000703400000, 0x0000000800000000)
  region size 2048K, 76 young (155648K), 2 survivors (4096K)
 Metaspace       used 16803K, committed 17088K, reserved 1114112K
  class space    used 1905K, committed 2048K, reserved 1048576K
}
Event: 16.240 GC heap after
{Heap after GC invocations=3 (full 0):
 garbage-first heap   total 260096K, used 14212K [0x0000000703400000, 0x0000000800000000)
  region size 2048K, 6 young (12288K), 6 survivors (12288K)
 Metaspace       used 16803K, committed 17088K, reserved 1114112K
  class space    used 1905K, committed 2048K, reserved 1048576K
}
Event: 26.087 GC heap before
{Heap before GC invocations=3 (full 0):
 garbage-first heap   total 260096K, used 100228K [0x0000000703400000, 0x0000000800000000)
  region size 2048K, 50 young (102400K), 6 survivors (12288K)
 Metaspace       used 21118K, committed 21504K, reserved 1114112K
  class space    used 2347K, committed 2560K, reserved 1048576K
}
Event: 26.100 GC heap after
{Heap after GC invocations=4 (full 0):
 garbage-first heap   total 260096K, used 19931K [0x0000000703400000, 0x0000000800000000)
  region size 2048K, 8 young (16384K), 8 survivors (16384K)
 Metaspace       used 21118K, committed 21504K, reserved 1114112K
  class space    used 2347K, committed 2560K, reserved 1048576K
}
Event: 27.824 GC heap before
{Heap before GC invocations=5 (full 0):
 garbage-first heap   total 75776K, used 75227K [0x0000000703400000, 0x0000000800000000)
  region size 2048K, 35 young (71680K), 8 survivors (16384K)
 Metaspace       used 27584K, committed 27968K, reserved 1114112K
  class space    used 3080K, committed 3264K, reserved 1048576K
}
Event: 27.863 GC heap after
{Heap after GC invocations=6 (full 0):
 garbage-first heap   total 106496K, used 34242K [0x0000000703400000, 0x0000000800000000)
  region size 2048K, 10 young (20480K), 10 survivors (20480K)
 Metaspace       used 27584K, committed 27968K, reserved 1114112K
  class space    used 3080K, committed 3264K, reserved 1048576K
}
Event: 30.234 GC heap before
{Heap before GC invocations=6 (full 0):
 garbage-first heap   total 106496K, used 77250K [0x0000000703400000, 0x0000000800000000)
  region size 2048K, 31 young (63488K), 10 survivors (20480K)
 Metaspace       used 30442K, committed 30912K, reserved 1114112K
  class space    used 3429K, committed 3648K, reserved 1048576K
}
Event: 30.249 GC heap after
{Heap after GC invocations=7 (full 0):
 garbage-first heap   total 106496K, used 26583K [0x0000000703400000, 0x0000000800000000)
  region size 2048K, 2 young (4096K), 2 survivors (4096K)
 Metaspace       used 30442K, committed 30912K, reserved 1114112K
  class space    used 3429K, committed 3648K, reserved 1048576K
}
Event: 33.209 GC heap before
{Heap before GC invocations=7 (full 0):
 garbage-first heap   total 106496K, used 90071K [0x0000000703400000, 0x0000000800000000)
  region size 2048K, 23 young (47104K), 2 survivors (4096K)
 Metaspace       used 33599K, committed 34112K, reserved 1114112K
  class space    used 3841K, committed 4096K, reserved 1048576K
}
Event: 33.220 GC heap after
{Heap after GC invocations=8 (full 0):
 garbage-first heap   total 106496K, used 51126K [0x0000000703400000, 0x0000000800000000)
  region size 2048K, 3 young (6144K), 3 survivors (6144K)
 Metaspace       used 33599K, committed 34112K, reserved 1114112K
  class space    used 3841K, committed 4096K, reserved 1048576K
}
Event: 35.327 GC heap before
{Heap before GC invocations=8 (full 0):
 garbage-first heap   total 106496K, used 92086K [0x0000000703400000, 0x0000000800000000)
  region size 2048K, 22 young (45056K), 3 survivors (6144K)
 Metaspace       used 33712K, committed 34240K, reserved 1114112K
  class space    used 3847K, committed 4096K, reserved 1048576K
}
Event: 35.335 GC heap after
{Heap after GC invocations=9 (full 0):
 garbage-first heap   total 106496K, used 30257K [0x0000000703400000, 0x0000000800000000)
  region size 2048K, 2 young (4096K), 2 survivors (4096K)
 Metaspace       used 33712K, committed 34240K, reserved 1114112K
  class space    used 3847K, committed 4096K, reserved 1048576K
}

